<?xml version="1.0" encoding="UTF-8"?>
<!-- Generated by org.testng.reporters.JUnitReportReporter -->
<testsuite hostname="HP" failures="0" tests="2" name="com.keywords.tests.pythonSite" time="45.647" errors="0" timestamp="2022-02-11T22:30:53 IST" skipped="0">
  <testcase classname="com.keywords.tests.pythonSite" name="verifyGoogleHomePage" time="17.424"/>
  <system-out/>
  <testcase classname="com.keywords.tests.pythonSite" name="verifyPythonHomePage" time="28.223"/>
  <system-out/>
</testsuite> <!-- com.keywords.tests.pythonSite -->
