<?xml version="1.0" encoding="UTF-8"?>
<!-- Generated by org.testng.reporters.JUnitReportReporter -->
<testsuite hostname="HP" failures="0" tests="1" name="com.keywords.tests.ZoomDemo" time="100.129" errors="0" timestamp="2022-02-18T20:53:54 IST" skipped="0">
  <testcase classname="com.keywords.tests.ZoomDemo" name="verifySignUpPageTest" time="100.129"/>
  <system-out/>
</testsuite> <!-- com.keywords.tests.ZoomDemo -->
