<?xml version="1.0" encoding="UTF-8"?>
<!-- Generated by org.testng.reporters.JUnitReportReporter -->
<testsuite hostname="HP" failures="0" tests="1" name="com.keywords.tests.ZoomDemo" time="81.946" errors="0" timestamp="2022-02-18T21:03:22 IST" skipped="0">
  <testcase classname="com.keywords.tests.ZoomDemo" name="verifySignUpPageTest" time="81.946"/>
  <system-out/>
</testsuite> <!-- com.keywords.tests.ZoomDemo -->
